c:\users\heikki\documents\visual studio 2015\projects\dareengine2\dareengine2\debug\vc140.pdb
c:\users\heikki\documents\visual studio 2015\projects\dareengine2\dareengine2\debug\vc140.idb
c:\users\heikki\documents\visual studio 2015\projects\dareengine2\dareengine2\debug\uucallback.obj
c:\users\heikki\documents\visual studio 2015\projects\dareengine2\dareengine2\debug\vertex.obj
c:\users\heikki\documents\visual studio 2015\projects\dareengine2\dareengine2\debug\material.obj
c:\users\heikki\documents\visual studio 2015\projects\dareengine2\dareengine2\debug\mesh.obj
c:\users\heikki\documents\visual studio 2015\projects\dareengine2\dareengine2\debug\meshrecource.obj
c:\users\heikki\documents\visual studio 2015\projects\dareengine2\dareengine2\debug\meshcomponent.obj
c:\users\heikki\documents\visual studio 2015\projects\dareengine2\dareengine2\debug\pointlight.obj
c:\users\heikki\documents\visual studio 2015\projects\dareengine2\dareengine2\debug\shader.obj
c:\users\heikki\documents\visual studio 2015\projects\dareengine2\dareengine2\debug\renderingengine.obj
c:\users\heikki\documents\visual studio 2015\projects\dareengine2\dareengine2\debug\shaderstage.obj
c:\users\heikki\documents\visual studio 2015\projects\dareengine2\dareengine2\debug\shaderrecource.obj
c:\users\heikki\documents\visual studio 2015\projects\dareengine2\dareengine2\debug\spotlight.obj
c:\users\heikki\documents\visual studio 2015\projects\dareengine2\dareengine2\debug\testgame.obj
c:\users\heikki\documents\visual studio 2015\projects\dareengine2\dareengine2\debug\texture.obj
c:\users\heikki\documents\visual studio 2015\projects\dareengine2\dareengine2\debug\texturerecource.obj
c:\users\heikki\documents\visual studio 2015\projects\dareengine2\dareengine2\debug\time.obj
c:\users\heikki\documents\visual studio 2015\projects\dareengine2\dareengine2\debug\transform.obj
c:\users\heikki\documents\visual studio 2015\projects\dareengine2\dareengine2\debug\uniform.obj
c:\users\heikki\documents\visual studio 2015\projects\dareengine2\dareengine2\debug\utility.obj
c:\users\heikki\documents\visual studio 2015\projects\dareengine2\dareengine2\debug\window.obj
c:\users\heikki\documents\visual studio 2015\projects\dareengine2\dareengine2\debug\baselight.obj
c:\users\heikki\documents\visual studio 2015\projects\dareengine2\dareengine2\debug\camera.obj
c:\users\heikki\documents\visual studio 2015\projects\dareengine2\dareengine2\debug\debugutility.obj
c:\users\heikki\documents\visual studio 2015\projects\dareengine2\dareengine2\debug\directionallight.obj
c:\users\heikki\documents\visual studio 2015\projects\dareengine2\dareengine2\debug\freelook.obj
c:\users\heikki\documents\visual studio 2015\projects\dareengine2\dareengine2\debug\game.obj
c:\users\heikki\documents\visual studio 2015\projects\dareengine2\dareengine2\debug\gamecomponent.obj
c:\users\heikki\documents\visual studio 2015\projects\dareengine2\dareengine2\debug\gameobject.obj
c:\users\heikki\documents\visual studio 2015\projects\dareengine2\dareengine2\debug\glslparser.obj
c:\users\heikki\documents\visual studio 2015\projects\dareengine2\dareengine2\debug\input.obj
c:\users\heikki\documents\visual studio 2015\projects\dareengine2\dareengine2\debug\coreengine.obj
c:\users\heikki\documents\visual studio 2015\projects\dareengine2\dareengine2\debug\main.obj
c:\users\heikki\documents\visual studio 2015\projects\dareengine2\dareengine2\debug\mappedvalues.obj
c:\users\heikki\documents\visual studio 2015\projects\dareengine2\debug\dareengine2.lib
c:\users\heikki\documents\visual studio 2015\projects\dareengine2\debug\dareengine2.exp
c:\users\heikki\documents\visual studio 2015\projects\dareengine2\debug\dareengine2.ilk
c:\users\heikki\documents\visual studio 2015\projects\dareengine2\debug\dareengine2.exe
c:\users\heikki\documents\visual studio 2015\projects\dareengine2\debug\dareengine2.pdb
c:\users\heikki\documents\visual studio 2015\projects\dareengine2\dareengine2\debug\dareengine2.vcxprojresolveassemblyreference.cache
c:\users\heikki\documents\visual studio 2015\projects\dareengine2\dareengine2\debug\dareengine2.tlog\cl.command.1.tlog
c:\users\heikki\documents\visual studio 2015\projects\dareengine2\dareengine2\debug\dareengine2.tlog\cl.read.1.tlog
c:\users\heikki\documents\visual studio 2015\projects\dareengine2\dareengine2\debug\dareengine2.tlog\cl.write.1.tlog
c:\users\heikki\documents\visual studio 2015\projects\dareengine2\dareengine2\debug\dareengine2.tlog\dareengine2.write.1u.tlog
c:\users\heikki\documents\visual studio 2015\projects\dareengine2\dareengine2\debug\dareengine2.tlog\link.command.1.tlog
c:\users\heikki\documents\visual studio 2015\projects\dareengine2\dareengine2\debug\dareengine2.tlog\link.read.1.tlog
c:\users\heikki\documents\visual studio 2015\projects\dareengine2\dareengine2\debug\dareengine2.tlog\link.write.1.tlog
