GL_LOG_FILE log. Local time: Fri Oct  9 23:13:27 2015

Successfully loaded and created texture LOADED_FROM_DATA
Successfully loaded and created texture LOADED_FROM_DATA
Successfully loaded and created texture LOADED_FROM_DATA
Successfully loaded and created texture LOADED_FROM_DATA
Successfully loaded and created texture LOADED_FROM_DATA
Successfully loaded and created texture res/textures/Grid.png
Successfully loaded and created texture LOADED_FROM_DATA
Successfully loaded and created texture LOADED_FROM_DATA
Successfully loaded and created texture LOADED_FROM_DATA
Successfully loaded and created texture LOADED_FROM_DATA
Successfully loaded and created texture LOADED_FROM_DATA
Successfully loaded and created texture LOADED_FROM_DATA
Successfully loaded and created texture LOADED_FROM_DATA
Successfully loaded and created texture LOADED_FROM_DATA
Successfully loaded and created texture LOADED_FROM_DATA
Successfully loaded and created texture LOADED_FROM_DATA
Successfully loaded and created texture LOADED_FROM_DATA
Successfully loaded and created texture LOADED_FROM_DATA
Successfully loaded and created texture LOADED_FROM_DATA
Successfully loaded and created texture LOADED_FROM_DATA
Successfully loaded and created texture LOADED_FROM_DATA
Successfully loaded and created texture LOADED_FROM_DATA
Successfully loaded and created texture LOADED_FROM_DATA
Successfully loaded and created texture LOADED_FROM_DATA
Successfully loaded and created texture LOADED_FROM_DATA
Successfully loaded and created texture LOADED_FROM_DATA
Successfully loaded and created texture LOADED_FROM_DATA
Successfully loaded and created texture LOADED_FROM_DATA
Successfully loaded and created texture LOADED_FROM_DATA
Successfully loaded and created texture LOADED_FROM_DATA
Successfully loaded and created texture LOADED_FROM_DATA
Successfully loaded and created texture LOADED_FROM_DATA
Successfully loaded and created texture LOADED_FROM_DATA
Successfully loaded and created texture LOADED_FROM_DATA
Successfully loaded and created texture LOADED_FROM_DATA
Successfully loaded and created texture LOADED_FROM_DATA
Successfully loaded and created texture res/textures/default_normal.jpg
Successfully loaded and created texture res/textures/default_disp.png
Successfully compiled shader 2
Successfully compiled shader 3
Successfully compiled shader 5
Successfully compiled shader 6
Successfully compiled shader 8
Successfully compiled shader 9
Successfully compiled shader 11
Successfully compiled shader 12
Successfully compiled shader 14
Successfully compiled shader 15
Successfully compiled shader 17
Successfully compiled shader 18
Successfully compiled shader 20
Successfully compiled shader 21
Successfully compiled shader 23
Successfully compiled shader 24
Successfully compiled shader 26
Successfully compiled shader 27
Successfully loaded and created texture res/textures/window.jpg
Successfully loaded and created texture res/textures/Window_NORM.jpg
Successfully loaded and created texture res/textures/Window_DISP.jpg
Successfully loaded and created texture res/textures/bricks2.jpg
Successfully loaded and created texture res/textures/bricks2_normal.jpg
Successfully loaded and created texture res/textures/bricks2_disp.jpg
Successfully compiled shader 29
Successfully compiled shader 30
